<?xml version="1.0" encoding="UTF-8"?>
<!-- Generated by org.testng.reporters.JUnitReportReporter -->
<testsuite hostname="DESKTOP-QJDSUSO" failures="0" tests="2" name="TestNg.Example3_EmailableReport" time="0.013" errors="0" timestamp="2022-03-24T07:58:43 IST" skipped="0">
  <testcase classname="TestNg.Example3_EmailableReport" name="TC1" time="0.011"/>
  <system-out/>
  <testcase classname="TestNg.Example3_EmailableReport" name="TC2" time="0.002"/>
  <system-out/>
</testsuite> <!-- TestNg.Example3_EmailableReport -->
