<?xml version="1.0" encoding="UTF-8"?>
<!-- Generated by org.testng.reporters.JUnitReportReporter -->
<testsuite hostname="DESKTOP-QJDSUSO" failures="0" tests="1" name="TestNg.Example2_withTestNG" time="16.163" errors="0" timestamp="2022-03-24T02:30:46 IST" skipped="0">
  <testcase classname="TestNg.Example2_withTestNG" name="m1" time="16.163"/>
  <system-out/>
</testsuite> <!-- TestNg.Example2_withTestNG -->
