<?xml version="1.0" encoding="UTF-8"?>
<!-- Generated by org.testng.reporters.JUnitReportReporter -->
<testsuite hostname="DESKTOP-QJDSUSO" failures="0" tests="2" name="TestNg.Example3_EmailbleReport2" time="0.014" errors="0" timestamp="2022-03-24T08:17:43 IST" skipped="0">
  <testcase classname="TestNg.Example3_EmailbleReport2" name="TC10" time="0.012"/>
  <system-out>
    <![CDATA[running TC10]]>
  </system-out>
  <testcase classname="TestNg.Example3_EmailbleReport2" name="TC11" time="0.002"/>
  <system-out>
    <![CDATA[running TC11]]>
  </system-out>
</testsuite> <!-- TestNg.Example3_EmailbleReport2 -->
