<?xml version="1.0" encoding="UTF-8"?>
<!-- Generated by org.testng.reporters.JUnitReportReporter -->
<testsuite hostname="DESKTOP-QJDSUSO" failures="0" tests="2" name="testng.example5_Keyword2_Priority3" time="0.015" errors="0" timestamp="2022-04-04T00:24:32 IST" skipped="0">
  <testcase classname="testng.example5_Keyword2_Priority3" name="TC2" time="0.012"/>
  <system-out>
    <![CDATA[running TC2.......]]>
  </system-out>
  <testcase classname="testng.example5_Keyword2_Priority3" name="TC1" time="0.003"/>
  <system-out>
    <![CDATA[running TC1.......]]>
  </system-out>
</testsuite> <!-- testng.example5_Keyword2_Priority3 -->
