<?xml version="1.0" encoding="UTF-8"?>
<!-- Generated by org.testng.reporters.JUnitReportReporter -->
<testsuite hostname="DESKTOP-QJDSUSO" failures="0" tests="4" name="testng.Testng_keyword_InvocationCount" time="0.018" errors="0" timestamp="2022-04-04T00:13:30 IST" skipped="0">
  <testcase classname="testng.Testng_keyword_InvocationCount" name="TC" time="0.002"/>
  <system-out>
    <![CDATA[Running TC1.....]]>
  </system-out>
  <testcase classname="testng.Testng_keyword_InvocationCount" name="TC" time="0.012"/>
  <system-out>
    <![CDATA[Running TC1.....]]>
  </system-out>
  <testcase classname="testng.Testng_keyword_InvocationCount" name="TC" time="0.002"/>
  <system-out>
    <![CDATA[Running TC1.....]]>
  </system-out>
  <testcase classname="testng.Testng_keyword_InvocationCount" name="TC" time="0.002"/>
  <system-out>
    <![CDATA[Running TC1.....]]>
  </system-out>
</testsuite> <!-- testng.Testng_keyword_InvocationCount -->
