<?xml version="1.0" encoding="UTF-8"?>
<!-- Generated by org.testng.reporters.JUnitReportReporter -->
<testsuite hostname="DESKTOP-QJDSUSO" failures="0" tests="3" name="testng.TestNg_Keyword_InvocationCountEx2" time="0.020" errors="0" timestamp="2022-04-04T00:17:08 IST" skipped="0">
  <testcase classname="testng.TestNg_Keyword_InvocationCountEx2" name="TC1" time="0.012"/>
  <system-out>
    <![CDATA[True]]>
  </system-out>
  <testcase classname="testng.TestNg_Keyword_InvocationCountEx2" name="TC1" time="0.003"/>
  <system-out>
    <![CDATA[True]]>
  </system-out>
  <testcase classname="testng.TestNg_Keyword_InvocationCountEx2" name="TC1" time="0.005"/>
  <system-out>
    <![CDATA[True]]>
  </system-out>
</testsuite> <!-- testng.TestNg_Keyword_InvocationCountEx2 -->
