<?xml version="1.0" encoding="UTF-8"?>
<!-- Generated by org.testng.reporters.JUnitReportReporter -->
<testsuite hostname="DESKTOP-QJDSUSO" failures="0" tests="2" name="testng.example5_Keyword2_Priority1" time="0.013" errors="0" timestamp="2022-04-04T00:23:12 IST" skipped="0">
  <testcase classname="testng.example5_Keyword2_Priority1" name="TC2" time="0.002"/>
  <system-out>
    <![CDATA[running TC2.......]]>
  </system-out>
  <testcase classname="testng.example5_Keyword2_Priority1" name="TC1" time="0.011"/>
  <system-out>
    <![CDATA[running TC1.......]]>
  </system-out>
</testsuite> <!-- testng.example5_Keyword2_Priority1 -->
