<?xml version="1.0" encoding="UTF-8"?>
<!-- Generated by org.testng.reporters.JUnitReportReporter -->
<testsuite hostname="DESKTOP-QJDSUSO" failures="0" tests="2" name="testng.Testng_keyword_Priority" time="0.014" errors="0" timestamp="2022-04-04T00:26:28 IST" skipped="0">
  <testcase classname="testng.Testng_keyword_Priority" name="TC2" time="0.012"/>
  <system-out>
    <![CDATA[running TC2.......]]>
  </system-out>
  <testcase classname="testng.Testng_keyword_Priority" name="TC1" time="0.002"/>
  <system-out>
    <![CDATA[running TC1.......]]>
  </system-out>
</testsuite> <!-- testng.Testng_keyword_Priority -->
