<?xml version="1.0" encoding="UTF-8"?>
<!-- Generated by org.testng.reporters.JUnitReportReporter -->
<testsuite hostname="DESKTOP-QJDSUSO" failures="0" tests="4" name="testng.example6_keyword3_Enabled" time="0.015" errors="0" timestamp="2022-04-04T00:31:32 IST" skipped="2">
  <testcase classname="testng.example6_keyword3_Enabled" name="TC2" time="0.004"/>
  <system-out>
    <![CDATA[running TC2.......]]>
  </system-out>
  <testcase classname="testng.example6_keyword3_Enabled" name="TC1" time="0.011"/>
  <system-out>
    <![CDATA[running TC1.......]]>
  </system-out>
  <testcase classname="testng.example6_keyword3_Enabled" name="TC3">
    <skipped/>
  </testcase> <!-- TC3 -->
  <system-out/>
  <testcase classname="testng.example6_keyword3_Enabled" name="TC4">
    <skipped/>
  </testcase> <!-- TC4 -->
  <system-out/>
</testsuite> <!-- testng.example6_keyword3_Enabled -->
