<?xml version="1.0" encoding="UTF-8"?>
<!-- Generated by org.testng.reporters.JUnitReportReporter -->
<testsuite hostname="DESKTOP-QJDSUSO" failures="0" tests="1" name="pkg.TestNgBasics" time="0.019" errors="0" timestamp="2022-04-01T14:55:11 IST" skipped="0">
  <testcase classname="pkg.TestNgBasics" name="googleTitleTest" time="0.019"/>
  <system-out/>
</testsuite> <!-- pkg.TestNgBasics -->
