<?xml version="1.0" encoding="UTF-8"?>
<!-- Generated by org.testng.reporters.JUnitReportReporter -->
<testsuite hostname="DESKTOP-QJDSUSO" failures="0" tests="2" name="testng.example10_Assertion_Verification_Using_AssertClass2_AssertNotEquals" time="0.014" errors="0" timestamp="2022-04-04T15:26:25 IST" skipped="0">
  <testcase classname="testng.example10_Assertion_Verification_Using_AssertClass2_AssertNotEquals" name="AssertNotEquals" time="0.012"/>
  <system-out/>
  <testcase classname="testng.example10_Assertion_Verification_Using_AssertClass2_AssertNotEquals" name="AssertNotEquals1" time="0.002"/>
  <system-out/>
</testsuite> <!-- testng.example10_Assertion_Verification_Using_AssertClass2_AssertNotEquals -->
