<?xml version="1.0" encoding="UTF-8"?>
<!-- Generated by org.testng.reporters.JUnitReportReporter -->
<testsuite hostname="DESKTOP-QJDSUSO" failures="0" tests="2" name="testng.example5_Keyword2_Priority6_variable_decimal" time="0.018" errors="0" timestamp="2022-04-04T13:27:16 IST" skipped="0">
  <testcase classname="testng.example5_Keyword2_Priority6_variable_decimal" name="TC1" time="0.016"/>
  <system-out>
    <![CDATA[running TC1.......]]>
  </system-out>
  <testcase classname="testng.example5_Keyword2_Priority6_variable_decimal" name="TC2" time="0.002"/>
  <system-out>
    <![CDATA[running TC2.......]]>
  </system-out>
</testsuite> <!-- testng.example5_Keyword2_Priority6_variable_decimal -->
