<?xml version="1.0" encoding="UTF-8"?>
<!-- Generated by org.testng.reporters.JUnitReportReporter -->
<testsuite hostname="DESKTOP-QJDSUSO" failures="0" tests="9" name="testng.TestNG_keywordInvocation3" time="0.043" errors="0" timestamp="2022-04-04T00:20:56 IST" skipped="0">
  <testcase classname="testng.TestNG_keywordInvocation3" name="Tc1" time="0.005"/>
  <system-out>
    <![CDATA[Hari]]>
  </system-out>
  <testcase classname="testng.TestNG_keywordInvocation3" name="Tc3" time="0.004"/>
  <system-out>
    <![CDATA[Burewar]]>
  </system-out>
  <testcase classname="testng.TestNG_keywordInvocation3" name="Tc2" time="0.005"/>
  <system-out>
    <![CDATA[Paraji]]>
  </system-out>
  <testcase classname="testng.TestNG_keywordInvocation3" name="Tc3" time="0.003"/>
  <system-out>
    <![CDATA[Burewar]]>
  </system-out>
  <testcase classname="testng.TestNG_keywordInvocation3" name="Tc3" time="0.004"/>
  <system-out>
    <![CDATA[Burewar]]>
  </system-out>
  <testcase classname="testng.TestNG_keywordInvocation3" name="Tc3" time="0.003"/>
  <system-out>
    <![CDATA[Burewar]]>
  </system-out>
  <testcase classname="testng.TestNG_keywordInvocation3" name="Tc1" time="0.003"/>
  <system-out>
    <![CDATA[Hari]]>
  </system-out>
  <testcase classname="testng.TestNG_keywordInvocation3" name="Tc3" time="0.004"/>
  <system-out>
    <![CDATA[Burewar]]>
  </system-out>
  <testcase classname="testng.TestNG_keywordInvocation3" name="Tc1" time="0.012"/>
  <system-out>
    <![CDATA[Hari]]>
  </system-out>
</testsuite> <!-- testng.TestNG_keywordInvocation3 -->
