<?xml version="1.0" encoding="UTF-8"?>
<!-- Generated by org.testng.reporters.JUnitReportReporter -->
<testsuite hostname="DESKTOP-QJDSUSO" failures="0" tests="2" name="framework.example4_Annotations2" time="0.012" errors="0" timestamp="2022-04-03T00:18:44 IST" skipped="0">
  <testcase classname="framework.example4_Annotations2" name="addToWishlist" time="0.008"/>
  <system-out>
    <![CDATA[running add To Wishlist TC]]>
  </system-out>
  <testcase classname="framework.example4_Annotations2" name="verifyProfileName" time="0.004"/>
  <system-out>
    <![CDATA[running verify Profile Name TC]]>
  </system-out>
</testsuite> <!-- framework.example4_Annotations2 -->
