<?xml version="1.0" encoding="UTF-8"?>
<!-- Generated by org.testng.reporters.JUnitReportReporter -->
<testsuite hostname="DESKTOP-QJDSUSO" failures="0" tests="2" name="framework.Example5_Keyword1_Invocationcount" time="0.019" errors="0" timestamp="2022-04-03T00:27:59 IST" skipped="0">
  <testcase classname="framework.Example5_Keyword1_Invocationcount" name="TC1" time="0.016"/>
  <system-out>
    <![CDATA[running TC1.......]]>
  </system-out>
  <testcase classname="framework.Example5_Keyword1_Invocationcount" name="TC1" time="0.003"/>
  <system-out>
    <![CDATA[running TC1.......]]>
  </system-out>
</testsuite> <!-- framework.Example5_Keyword1_Invocationcount -->
