<?xml version="1.0" encoding="UTF-8"?>
<!-- Generated by org.testng.reporters.JUnitReportReporter -->
<testsuite hostname="DESKTOP-QJDSUSO" failures="0" tests="2" name="framework.Example8_Suite_Sample1" time="0.005" errors="0" timestamp="2022-04-03T13:28:21 IST" skipped="0">
  <testcase classname="framework.Example8_Suite_Sample1" name="TC1" time="0.003"/>
  <system-out>
    <![CDATA[running TC1..]]>
  </system-out>
  <testcase classname="framework.Example8_Suite_Sample1" name="TC2" time="0.002"/>
  <system-out>
    <![CDATA[running TC2..]]>
  </system-out>
</testsuite> <!-- framework.Example8_Suite_Sample1 -->
