<?xml version="1.0" encoding="UTF-8"?>
<!-- Generated by org.testng.reporters.JUnitReportReporter -->
<testsuite hostname="DESKTOP-QJDSUSO" failures="0" tests="2" name="framework.Example8_Suite_Sample4" time="0.019" errors="0" timestamp="2022-04-03T13:28:21 IST" skipped="0">
  <testcase classname="framework.Example8_Suite_Sample4" name="TC7" time="0.003"/>
  <system-out>
    <![CDATA[running TC7..]]>
  </system-out>
  <testcase classname="framework.Example8_Suite_Sample4" name="TC6" time="0.016"/>
  <system-out>
    <![CDATA[running TC6..]]>
  </system-out>
</testsuite> <!-- framework.Example8_Suite_Sample4 -->
