<?xml version="1.0" encoding="UTF-8"?>
<!-- Generated by org.testng.reporters.JUnitReportReporter -->
<testsuite hostname="DESKTOP-QJDSUSO" failures="0" tests="3" name="framework.Example5" time="0.018" errors="0" timestamp="2022-04-01T22:36:16 IST" skipped="0">
  <testcase classname="framework.Example5" name="TC2" time="0.003"/>
  <system-out>
    <![CDATA[Replace of Syso]]>
  </system-out>
  <testcase classname="framework.Example5" name="TC3" time="0.002"/>
  <system-out>
    <![CDATA[Reporter]]>
  </system-out>
  <testcase classname="framework.Example5" name="TC1" time="0.013"/>
  <system-out/>
</testsuite> <!-- framework.Example5 -->
