<?xml version="1.0" encoding="UTF-8"?>
<!-- Generated by org.testng.reporters.JUnitReportReporter -->
<testsuite hostname="DESKTOP-QJDSUSO" failures="0" tests="1" name="framework.Example4_withTestNg" time="0.012" errors="0" timestamp="2022-04-01T22:27:06 IST" skipped="0">
  <testcase classname="framework.Example4_withTestNg" name="m1" time="0.012"/>
  <system-out/>
</testsuite> <!-- framework.Example4_withTestNg -->
