<?xml version="1.0" encoding="UTF-8"?>
<!-- Generated by org.testng.reporters.JUnitReportReporter -->
<testsuite hostname="DESKTOP-QJDSUSO" failures="0" tests="1" name="framework.example4_Annotations1" time="0.008" errors="0" timestamp="2022-04-03T00:21:01 IST" skipped="0">
  <testcase classname="framework.example4_Annotations1" name="verifyProfileName" time="0.008"/>
  <system-out>
    <![CDATA[running verify Profile Name TC]]>
  </system-out>
</testsuite> <!-- framework.example4_Annotations1 -->
