<?xml version="1.0" encoding="UTF-8"?>
<!-- Generated by org.testng.reporters.JUnitReportReporter -->
<testsuite hostname="DESKTOP-QJDSUSO" failures="0" tests="2" name="framework.Example5_Keyword2_Priority2" time="0.014" errors="0" timestamp="2022-04-03T00:29:46 IST" skipped="0">
  <testcase classname="framework.Example5_Keyword2_Priority2" name="TC2" time="0.011"/>
  <system-out>
    <![CDATA[running TC2.......]]>
  </system-out>
  <testcase classname="framework.Example5_Keyword2_Priority2" name="TC1" time="0.003"/>
  <system-out>
    <![CDATA[running TC1.......]]>
  </system-out>
</testsuite> <!-- framework.Example5_Keyword2_Priority2 -->
