<?xml version="1.0" encoding="UTF-8"?>
<!-- Generated by org.testng.reporters.JUnitReportReporter -->
<testsuite hostname="DESKTOP-QJDSUSO" failures="0" tests="2" name="WebDriver.example8_Suite_Sample2" time="0.016" errors="0" timestamp="2022-04-11T11:46:33 IST" skipped="0">
  <testcase classname="WebDriver.example8_Suite_Sample2" name="TC4" time="0.003"/>
  <system-out>
    <![CDATA[running TC4..]]>
  </system-out>
  <testcase classname="WebDriver.example8_Suite_Sample2" name="TC3" time="0.013"/>
  <system-out>
    <![CDATA[running TC3..]]>
  </system-out>
</testsuite> <!-- WebDriver.example8_Suite_Sample2 -->
