<?xml version="1.0" encoding="UTF-8"?>
<!-- Generated by org.testng.reporters.JUnitReportReporter -->
<testsuite hostname="DESKTOP-QJDSUSO" failures="0" tests="5" name="WebDriver.example2_EmailableReport1" time="0.026" errors="0" timestamp="2022-04-11T11:16:09 IST" skipped="0">
  <testcase classname="WebDriver.example2_EmailableReport1" name="TC2" time="0.003"/>
  <system-out>
    <![CDATA[running TC2]]>
  </system-out>
  <testcase classname="WebDriver.example2_EmailableReport1" name="TC5" time="0.002"/>
  <system-out>
    <![CDATA[running tc5]]>
  </system-out>
  <testcase classname="WebDriver.example2_EmailableReport1" name="TC3" time="0.003"/>
  <system-out/>
  <testcase classname="WebDriver.example2_EmailableReport1" name="TC1" time="0.016"/>
  <system-out>
    <![CDATA[running TC1]]>
  </system-out>
  <testcase classname="WebDriver.example2_EmailableReport1" name="TC4" time="0.002"/>
  <system-out>
    <![CDATA[running tc3]]>
  </system-out>
</testsuite> <!-- WebDriver.example2_EmailableReport1 -->
