<?xml version="1.0" encoding="UTF-8"?>
<!-- Generated by org.testng.reporters.JUnitReportReporter -->
<testsuite hostname="DESKTOP-QJDSUSO" failures="0" tests="2" name="WebDriver.example8_Suite_Sample1" time="0.006" errors="0" timestamp="2022-04-11T11:46:33 IST" skipped="0">
  <testcase classname="WebDriver.example8_Suite_Sample1" name="TC1" time="0.003"/>
  <system-out>
    <![CDATA[running TC1..]]>
  </system-out>
  <testcase classname="WebDriver.example8_Suite_Sample1" name="TC2" time="0.003"/>
  <system-out>
    <![CDATA[running TC2..]]>
  </system-out>
</testsuite> <!-- WebDriver.example8_Suite_Sample1 -->
