<?xml version="1.0" encoding="UTF-8"?>
<!-- Generated by org.testng.reporters.JUnitReportReporter -->
<testsuite hostname="DESKTOP-QJDSUSO" failures="0" tests="2" name="WebDriver.example4_Annotations21" time="0.015" errors="0" timestamp="2022-04-11T11:30:06 IST" skipped="0">
  <testcase classname="WebDriver.example4_Annotations21" name="addToWishlist" time="0.010"/>
  <system-out>
    <![CDATA[running add To Wishlist TC]]>
  </system-out>
  <testcase classname="WebDriver.example4_Annotations21" name="verifyProfileName" time="0.005"/>
  <system-out>
    <![CDATA[running verify Profile Name TC]]>
  </system-out>
</testsuite> <!-- WebDriver.example4_Annotations21 -->
